<?xml version="1.0" encoding="UTF-8"?>
<testng-results ignored="0" total="2" passed="2" failed="0" skipped="0">
  <reporter-output>
  </reporter-output>
  <suite started-at="2023-01-12T18:45:07 IST" name="Default suite" finished-at="2023-01-12T18:45:14 IST" duration-ms="7291">
    <groups>
    </groups>
    <test started-at="2023-01-12T18:45:07 IST" name="Default test" finished-at="2023-01-12T18:45:14 IST" duration-ms="7291">
      <class name="com.Sample.test">
        <test-method signature="browser_Launch()[pri:0, instance:com.Sample.test@2df9b86]" started-at="2023-01-12T18:45:07 IST" name="browser_Launch" finished-at="2023-01-12T18:45:12 IST" duration-ms="5270" status="PASS">
          <reporter-output>
          </reporter-output>
        </test-method> <!-- browser_Launch -->
        <test-method signature="get_Element()[pri:1, instance:com.Sample.test@2df9b86]" started-at="2023-01-12T18:45:12 IST" name="get_Element" finished-at="2023-01-12T18:45:14 IST" duration-ms="1968" status="PASS">
          <reporter-output>
          </reporter-output>
        </test-method> <!-- get_Element -->
      </class> <!-- com.Sample.test -->
    </test> <!-- Default test -->
  </suite> <!-- Default suite -->
</testng-results>
